Start indexing [Mon Dec 05 16:54:21 IST 2016]
Creating IndexEvent [REBUILD_SEARCH_INDEX]
IndexEvent fired [command = REBUILD_SEARCH_INDEX; showProgress = true; logFile = true]
IndexEvent listened [command = REBUILD_SEARCH_INDEX; showProgress = true; logFile = true]
Loading IndexBuilder
Loading index registry [/home/murugesan/DEV/new_AI/NIKBOT/bot_brain_brain/IndexBuilder.dat]
Loading index log [/home/murugesan/DEV/new_AI/NIKBOT/bot_brain_brain/IndexBuilder.log]
Reading index registry [Safe point: undefined]
IndexBuilder created [BrainAPI = connected; BrainListener = connected; bulkMode = true; maxCPU = 0.5; showStatus = true; logFile = /home/murugesan/DEV/new_AI/NIKBOT/bot_brain_brain/IndexBuilder.log; startTime = null; stopTime = null; total = 0; processed = 0; indexed = 0; indexBuilderDat = /home/murugesan/DEV/new_AI/NIKBOT/bot_brain_brain/IndexBuilder.dat (empty); indexing = false]
IndexBuilder scheduled [Mon Dec 05 16:54:21 IST 2016]
IndexBuilder started [Mon Dec 05 16:54:21 IST 2016]
Status message: Updating Thoughts index...
Reading index registry [Safe point: undefined]
Index status: missing
Indexing process started [Mon Dec 05 16:54:21 IST 2016]
Processing 2,1 [count: 1; total: 1]
Reading index registry [Safe point: undefined]
Writing thought 2,1
Writing thought label 2,1
Writing thought tags 2,1
Updating index registry [Safe point: restarted]
Elapsed time: 26 + 26 = 52
Status message: Indexing 1 of 1 Thoughts (100%)
Status message: Updating Thoughts index...
Indexing process completed [Mon Dec 05 16:54:22 IST 2016]
Updating index registry [Safe point: restarted]
Index status: initialized
IndexBuilder stopped [Mon Dec 05 16:54:25 IST 2016]
Start indexing [Mon Dec 05 16:54:25 IST 2016]
Loading UrlIndexBuilder
Loading index registry [/home/murugesan/DEV/new_AI/NIKBOT/bot_brain_brain/UrlIndexBuilder.dat]
Loading index log [/home/murugesan/DEV/new_AI/NIKBOT/bot_brain_brain/UrlIndexBuilder.log]
Updating index registry [Safe point: restarted]
Index status: initialized
Reading index registry [Safe point: undefined]
UrlIndexBuilder created [BrainAPI = connected; backgroundRunning = true; synchronizedThread = 4; maxCPU = 0.5; showStatus = true; logFile = /home/murugesan/DEV/new_AI/NIKBOT/bot_brain_brain/UrlIndexBuilder.log; startTime = null; stopTime = null; total = 0; processed = 0; indexed = 0; indexBuilderDat = /home/murugesan/DEV/new_AI/NIKBOT/bot_brain_brain/UrlIndexBuilder.dat (empty); indexing = false]
UrlIndexBuilder scheduled [Mon Dec 05 16:54:25 IST 2016]
UrlIndexBuilder started [Mon Dec 05 16:54:25 IST 2016]
Status message: Updating Web pages index...
Reading index registry [Safe point: undefined]
Index status: safe
Deleting index log [/home/murugesan/DEV/new_AI/NIKBOT/bot_brain_brain/UrlIndexBuilder.log]
Indexing process started [Mon Dec 05 16:54:25 IST 2016]
Processing 2,1 [count: 1; total: 1]
Status message: No attached web pages found
Indexing process completed [Mon Dec 05 16:54:25 IST 2016]
Indexing time: 00:00:00
